#
# There is insufficient memory for the Java Runtime Environment to continue.
# Native memory allocation (mmap) failed to map 715849728 bytes for committing reserved memory.
# Possible reasons:
#   The system is out of physical RAM or swap space
#   In 32 bit mode, the process size limit was hit
# Possible solutions:
#   Reduce memory load on the system
#   Increase physical memory or swap space
#   Check if swap backing store is full
#   Use 64 bit Java on a 64 bit OS
#   Decrease Java heap size (-Xmx/-Xms)
#   Decrease number of Java threads
#   Decrease Java thread stack sizes (-Xss)
#   Set larger code cache with -XX:ReservedCodeCacheSize=
# This output file may be truncated or incomplete.
#
#  Out of Memory Error (os_linux.cpp:2630), pid=25452, tid=140023197193984
#
# JRE version:  (8.0_91-b14) (build )
# Java VM: OpenJDK 64-Bit Server VM (25.91-b14 mixed mode linux-amd64 compressed oops)
# Failed to write core dump. Core dumps have been disabled. To enable core dumping, try "ulimit -c unlimited" before starting Java again
#

---------------  T H R E A D  ---------------

Current thread (0x00007f59a800a000):  JavaThread "Unknown thread" [_thread_in_vm, id=25471, stack(0x00007f59b0ddd000,0x00007f59b0ede000)]

Stack: [0x00007f59b0ddd000,0x00007f59b0ede000],  sp=0x00007f59b0edc3f0,  free space=1020k
Native frames: (J=compiled Java code, j=interpreted, Vv=VM code, C=native code)
V  [libjvm.so+0x9f573d]
V  [libjvm.so+0x4bc3da]
V  [libjvm.so+0x85b0a0]
V  [libjvm.so+0x855b9f]
V  [libjvm.so+0x9f25f4]
V  [libjvm.so+0x5a70ad]
V  [libjvm.so+0x998755]
V  [libjvm.so+0x5a7cf1]
V  [libjvm.so+0x5986e8]
V  [libjvm.so+0x9bf589]
V  [libjvm.so+0x9bf883]
V  [libjvm.so+0x5e70f5]
V  [libjvm.so+0x9a3953]
V  [libjvm.so+0x654bd2]  JNI_CreateJavaVM+0x52
C  [libjli.so+0x2f08]
C  [libjli.so+0x724d]
C  [libpthread.so.0+0x8184]  start_thread+0xc4


---------------  P R O C E S S  ---------------

Java Threads: ( => current thread )

Other Threads:

=>0x00007f59a800a000 (exited) JavaThread "Unknown thread" [_thread_in_vm, id=25471, stack(0x00007f59b0ddd000,0x00007f59b0ede000)]

VM state:not at safepoint (not fully initialized)

VM Mutex/Monitor currently owned by a thread: None

GC Heap History (0 events):
No events

Deoptimization events (0 events):
No events

Internal exceptions (0 events):
No events

Events (0 events):
No events


Dynamic libraries:
00400000-00401000 r-xp 00000000 ca:01 142976                             /usr/lib/jvm/java-8-openjdk-amd64/jre/bin/java
00600000-00601000 r--p 00000000 ca:01 142976                             /usr/lib/jvm/java-8-openjdk-amd64/jre/bin/java
00601000-00602000 rw-p 00001000 ca:01 142976                             /usr/lib/jvm/java-8-openjdk-amd64/jre/bin/java
01c55000-01c76000 rw-p 00000000 00:00 0                                  [heap]
c0000000-d5550000 rw-p 00000000 00:00 0 
7f5999000000-7f5999270000 rwxp 00000000 00:00 0 
7f5999270000-7f59a8000000 ---p 00000000 00:00 0 
7f59a8000000-7f59a8030000 rw-p 00000000 00:00 0 
7f59a8030000-7f59ac000000 ---p 00000000 00:00 0 
7f59ad369000-7f59ad414000 rw-p 00000000 00:00 0 
7f59ad414000-7f59ad569000 ---p 00000000 00:00 0 
7f59ad569000-7f59ad574000 rw-p 00000000 00:00 0 
7f59ad574000-7f59ad92a000 ---p 00000000 00:00 0 
7f59ad92a000-7f59ad932000 r-xp 00000000 ca:01 143065                     /usr/lib/jvm/java-8-openjdk-amd64/jre/lib/amd64/libzip.so
7f59ad932000-7f59adb31000 ---p 00008000 ca:01 143065                     /usr/lib/jvm/java-8-openjdk-amd64/jre/lib/amd64/libzip.so
7f59adb31000-7f59adb32000 r--p 00007000 ca:01 143065                     /usr/lib/jvm/java-8-openjdk-amd64/jre/lib/amd64/libzip.so
7f59adb32000-7f59adb33000 rw-p 00008000 ca:01 143065                     /usr/lib/jvm/java-8-openjdk-amd64/jre/lib/amd64/libzip.so
7f59adb33000-7f59adb3d000 r-xp 00000000 ca:01 417506                     /lib/x86_64-linux-gnu/libnss_files-2.19.so
7f59adb3d000-7f59add3c000 ---p 0000a000 ca:01 417506                     /lib/x86_64-linux-gnu/libnss_files-2.19.so
7f59add3c000-7f59add3d000 r--p 00009000 ca:01 417506                     /lib/x86_64-linux-gnu/libnss_files-2.19.so
7f59add3d000-7f59add3e000 rw-p 0000a000 ca:01 417506                     /lib/x86_64-linux-gnu/libnss_files-2.19.so
7f59add3e000-7f59add49000 r-xp 00000000 ca:01 417498                     /lib/x86_64-linux-gnu/libnss_nis-2.19.so
7f59add49000-7f59adf48000 ---p 0000b000 ca:01 417498                     /lib/x86_64-linux-gnu/libnss_nis-2.19.so
7f59adf48000-7f59adf49000 r--p 0000a000 ca:01 417498                     /lib/x86_64-linux-gnu/libnss_nis-2.19.so
7f59adf49000-7f59adf4a000 rw-p 0000b000 ca:01 417498                     /lib/x86_64-linux-gnu/libnss_nis-2.19.so
7f59adf4a000-7f59adf61000 r-xp 00000000 ca:01 417494                     /lib/x86_64-linux-gnu/libnsl-2.19.so
7f59adf61000-7f59ae160000 ---p 00017000 ca:01 417494                     /lib/x86_64-linux-gnu/libnsl-2.19.so
7f59ae160000-7f59ae161000 r--p 00016000 ca:01 417494                     /lib/x86_64-linux-gnu/libnsl-2.19.so
7f59ae161000-7f59ae162000 rw-p 00017000 ca:01 417494                     /lib/x86_64-linux-gnu/libnsl-2.19.so
7f59ae162000-7f59ae164000 rw-p 00000000 00:00 0 
7f59ae164000-7f59ae16d000 r-xp 00000000 ca:01 417493                     /lib/x86_64-linux-gnu/libnss_compat-2.19.so
7f59ae16d000-7f59ae36c000 ---p 00009000 ca:01 417493                     /lib/x86_64-linux-gnu/libnss_compat-2.19.so
7f59ae36c000-7f59ae36d000 r--p 00008000 ca:01 417493                     /lib/x86_64-linux-gnu/libnss_compat-2.19.so
7f59ae36d000-7f59ae36e000 rw-p 00009000 ca:01 417493                     /lib/x86_64-linux-gnu/libnss_compat-2.19.so
7f59ae36e000-7f59ae39a000 r-xp 00000000 ca:01 142993                     /usr/lib/jvm/java-8-openjdk-amd64/jre/lib/amd64/libjava.so
7f59ae39a000-7f59ae59a000 ---p 0002c000 ca:01 142993                     /usr/lib/jvm/java-8-openjdk-amd64/jre/lib/amd64/libjava.so
7f59ae59a000-7f59ae59b000 r--p 0002c000 ca:01 142993                     /usr/lib/jvm/java-8-openjdk-amd64/jre/lib/amd64/libjava.so
7f59ae59b000-7f59ae59d000 rw-p 0002d000 ca:01 142993                     /usr/lib/jvm/java-8-openjdk-amd64/jre/lib/amd64/libjava.so
7f59ae59d000-7f59ae5ad000 r-xp 00000000 ca:01 143054                     /usr/lib/jvm/java-8-openjdk-amd64/jre/lib/amd64/libverify.so
7f59ae5ad000-7f59ae7ac000 ---p 00010000 ca:01 143054                     /usr/lib/jvm/java-8-openjdk-amd64/jre/lib/amd64/libverify.so
7f59ae7ac000-7f59ae7ae000 r--p 0000f000 ca:01 143054                     /usr/lib/jvm/java-8-openjdk-amd64/jre/lib/amd64/libverify.so
7f59ae7ae000-7f59ae7af000 rw-p 00011000 ca:01 143054                     /usr/lib/jvm/java-8-openjdk-amd64/jre/lib/amd64/libverify.so
7f59ae7af000-7f59ae7b6000 r-xp 00000000 ca:01 417502                     /lib/x86_64-linux-gnu/librt-2.19.so
7f59ae7b6000-7f59ae9b5000 ---p 00007000 ca:01 417502                     /lib/x86_64-linux-gnu/librt-2.19.so
7f59ae9b5000-7f59ae9b6000 r--p 00006000 ca:01 417502                     /lib/x86_64-linux-gnu/librt-2.19.so
7f59ae9b6000-7f59ae9b7000 rw-p 00007000 ca:01 417502                     /lib/x86_64-linux-gnu/librt-2.19.so
7f59ae9b7000-7f59ae9cd000 r-xp 00000000 ca:01 397478                     /lib/x86_64-linux-gnu/libgcc_s.so.1
7f59ae9cd000-7f59aebcc000 ---p 00016000 ca:01 397478                     /lib/x86_64-linux-gnu/libgcc_s.so.1
7f59aebcc000-7f59aebcd000 rw-p 00015000 ca:01 397478                     /lib/x86_64-linux-gnu/libgcc_s.so.1
7f59aebcd000-7f59aecd2000 r-xp 00000000 ca:01 417488                     /lib/x86_64-linux-gnu/libm-2.19.so
7f59aecd2000-7f59aeed1000 ---p 00105000 ca:01 417488                     /lib/x86_64-linux-gnu/libm-2.19.so
7f59aeed1000-7f59aeed2000 r--p 00104000 ca:01 417488                     /lib/x86_64-linux-gnu/libm-2.19.so
7f59aeed2000-7f59aeed3000 rw-p 00105000 ca:01 417488                     /lib/x86_64-linux-gnu/libm-2.19.so
7f59aeed3000-7f59aefb9000 r-xp 00000000 ca:01 284                        /usr/lib/x86_64-linux-gnu/libstdc++.so.6.0.19
7f59aefb9000-7f59af1b8000 ---p 000e6000 ca:01 284                        /usr/lib/x86_64-linux-gnu/libstdc++.so.6.0.19
7f59af1b8000-7f59af1c0000 r--p 000e5000 ca:01 284                        /usr/lib/x86_64-linux-gnu/libstdc++.so.6.0.19
7f59af1c0000-7f59af1c2000 rw-p 000ed000 ca:01 284                        /usr/lib/x86_64-linux-gnu/libstdc++.so.6.0.19
7f59af1c2000-7f59af1d7000 rw-p 00000000 00:00 0 
7f59af1d7000-7f59afdc5000 r-xp 00000000 ca:01 272775                     /usr/lib/jvm/java-8-openjdk-amd64/jre/lib/amd64/server/libjvm.so
7f59afdc5000-7f59affc5000 ---p 00bee000 ca:01 272775                     /usr/lib/jvm/java-8-openjdk-amd64/jre/lib/amd64/server/libjvm.so
7f59affc5000-7f59b0063000 r--p 00bee000 ca:01 272775                     /usr/lib/jvm/java-8-openjdk-amd64/jre/lib/amd64/server/libjvm.so
7f59b0063000-7f59b008c000 rw-p 00c8c000 ca:01 272775                     /usr/lib/jvm/java-8-openjdk-amd64/jre/lib/amd64/server/libjvm.so
7f59b008c000-7f59b00be000 rw-p 00000000 00:00 0 
7f59b00be000-7f59b00d7000 r-xp 00000000 ca:01 417495                     /lib/x86_64-linux-gnu/libpthread-2.19.so
7f59b00d7000-7f59b02d6000 ---p 00019000 ca:01 417495                     /lib/x86_64-linux-gnu/libpthread-2.19.so
7f59b02d6000-7f59b02d7000 r--p 00018000 ca:01 417495                     /lib/x86_64-linux-gnu/libpthread-2.19.so
7f59b02d7000-7f59b02d8000 rw-p 00019000 ca:01 417495                     /lib/x86_64-linux-gnu/libpthread-2.19.so
7f59b02d8000-7f59b02dc000 rw-p 00000000 00:00 0 
7f59b02dc000-7f59b02df000 r-xp 00000000 ca:01 417490                     /lib/x86_64-linux-gnu/libdl-2.19.so
7f59b02df000-7f59b04de000 ---p 00003000 ca:01 417490                     /lib/x86_64-linux-gnu/libdl-2.19.so
7f59b04de000-7f59b04df000 r--p 00002000 ca:01 417490                     /lib/x86_64-linux-gnu/libdl-2.19.so
7f59b04df000-7f59b04e0000 rw-p 00003000 ca:01 417490                     /lib/x86_64-linux-gnu/libdl-2.19.so
7f59b04e0000-7f59b04f8000 r-xp 00000000 ca:01 396113                     /lib/x86_64-linux-gnu/libz.so.1.2.8
7f59b04f8000-7f59b06f7000 ---p 00018000 ca:01 396113                     /lib/x86_64-linux-gnu/libz.so.1.2.8
7f59b06f7000-7f59b06f8000 r--p 00017000 ca:01 396113                     /lib/x86_64-linux-gnu/libz.so.1.2.8
7f59b06f8000-7f59b06f9000 rw-p 00018000 ca:01 396113                     /lib/x86_64-linux-gnu/libz.so.1.2.8
7f59b06f9000-7f59b08b3000 r-xp 00000000 ca:01 417503                     /lib/x86_64-linux-gnu/libc-2.19.so
7f59b08b3000-7f59b0ab3000 ---p 001ba000 ca:01 417503                     /lib/x86_64-linux-gnu/libc-2.19.so
7f59b0ab3000-7f59b0ab7000 r--p 001ba000 ca:01 417503                     /lib/x86_64-linux-gnu/libc-2.19.so
7f59b0ab7000-7f59b0ab9000 rw-p 001be000 ca:01 417503                     /lib/x86_64-linux-gnu/libc-2.19.so
7f59b0ab9000-7f59b0abe000 rw-p 00000000 00:00 0 
7f59b0abe000-7f59b0acb000 r-xp 00000000 ca:01 272778                     /usr/lib/jvm/java-8-openjdk-amd64/jre/lib/amd64/jli/libjli.so
7f59b0acb000-7f59b0ccb000 ---p 0000d000 ca:01 272778                     /usr/lib/jvm/java-8-openjdk-amd64/jre/lib/amd64/jli/libjli.so
7f59b0ccb000-7f59b0ccc000 r--p 0000d000 ca:01 272778                     /usr/lib/jvm/java-8-openjdk-amd64/jre/lib/amd64/jli/libjli.so
7f59b0ccc000-7f59b0ccd000 rw-p 0000e000 ca:01 272778                     /usr/lib/jvm/java-8-openjdk-amd64/jre/lib/amd64/jli/libjli.so
7f59b0ccd000-7f59b0cf0000 r-xp 00000000 ca:01 417496                     /lib/x86_64-linux-gnu/ld-2.19.so
7f59b0dda000-7f59b0ddd000 rw-p 00000000 00:00 0 
7f59b0ddd000-7f59b0de0000 ---p 00000000 00:00 0 
7f59b0de0000-7f59b0ee3000 rw-p 00000000 00:00 0                          [stack:25471]
7f59b0ee3000-7f59b0eeb000 rw-s 00000000 ca:01 230001                     /tmp/hsperfdata_ubuntu/25452
7f59b0eeb000-7f59b0eec000 rw-p 00000000 00:00 0 
7f59b0eec000-7f59b0eed000 r--p 00000000 00:00 0 
7f59b0eed000-7f59b0eef000 rw-p 00000000 00:00 0 
7f59b0eef000-7f59b0ef0000 r--p 00022000 ca:01 417496                     /lib/x86_64-linux-gnu/ld-2.19.so
7f59b0ef0000-7f59b0ef1000 rw-p 00023000 ca:01 417496                     /lib/x86_64-linux-gnu/ld-2.19.so
7f59b0ef1000-7f59b0ef2000 rw-p 00000000 00:00 0 
7fff59831000-7fff59852000 rw-p 00000000 00:00 0                          [stack]
7fff5985b000-7fff5985d000 r-xp 00000000 00:00 0                          [vdso]
ffffffffff600000-ffffffffff601000 r-xp 00000000 00:00 0                  [vsyscall]

VM Arguments:
jvm_args: -Xms1g -Xmx1g 
java_command: org.apache.spark.deploy.SparkSubmit jobs_batch.py
java_class_path (initial): /usr/local/spark/lib/aws-java-sdk-1.7.4.jar:/usr/local/spark/lib/hadoop-aws-2.7.2.jar:/usr/local/spark/conf/:/usr/local/spark/lib/spark-assembly-1.6.1-hadoop2.6.0.jar:/usr/local/spark/lib/datanucleus-rdbms-3.2.9.jar:/usr/local/spark/lib/datanucleus-api-jdo-3.2.6.jar:/usr/local/spark/lib/datanucleus-core-3.2.10.jar
Launcher Type: SUN_STANDARD

Environment Variables:
JAVA_HOME=/usr
PATH=/usr/local/sbin:/usr/local/bin:/usr/sbin:/usr/bin:/sbin:/bin:/usr/games:/usr/local/games:/usr/bin:/usr/local/hadoop/bin:/usr/local/spark/bin:/usr/local/zookeeper/bin:/usr/local/kafka/bin:/usr/local/kafka-manager/bin:/usr/local/secor/bin:/usr/local/elasticsearch/bin
SHELL=/bin/bash

Signal Handlers:
SIGSEGV: [libjvm.so+0x9f6230], sa_mask[0]=11111111011111111101111111111110, sa_flags=SA_RESTART|SA_SIGINFO
SIGBUS: [libjvm.so+0x9f6230], sa_mask[0]=11111111011111111101111111111110, sa_flags=SA_RESTART|SA_SIGINFO
SIGFPE: [libjvm.so+0x856c80], sa_mask[0]=11111111011111111101111111111110, sa_flags=SA_RESTART|SA_SIGINFO
SIGPIPE: [libjvm.so+0x856c80], sa_mask[0]=11111111011111111101111111111110, sa_flags=SA_RESTART|SA_SIGINFO
SIGXFSZ: [libjvm.so+0x856c80], sa_mask[0]=11111111011111111101111111111110, sa_flags=SA_RESTART|SA_SIGINFO
SIGILL: [libjvm.so+0x856c80], sa_mask[0]=11111111011111111101111111111110, sa_flags=SA_RESTART|SA_SIGINFO
SIGUSR1: SIG_DFL, sa_mask[0]=00000000000000000000000000000000, sa_flags=none
SIGUSR2: [libjvm.so+0x856b50], sa_mask[0]=00000000000000000000000000000000, sa_flags=SA_RESTART|SA_SIGINFO
SIGHUP: SIG_DFL, sa_mask[0]=00000000000000000000000000000000, sa_flags=none
SIGINT: SIG_DFL, sa_mask[0]=00000000000000000000000000000000, sa_flags=none
SIGTERM: SIG_DFL, sa_mask[0]=00000000000000000000000000000000, sa_flags=none
SIGQUIT: SIG_DFL, sa_mask[0]=00000000000000000000000000000000, sa_flags=none


---------------  S Y S T E M  ---------------

OS:DISTRIB_ID=Ubuntu
DISTRIB_RELEASE=14.04
DISTRIB_CODENAME=trusty
DISTRIB_DESCRIPTION="Ubuntu 14.04.5 LTS"

uname:Linux 3.13.0-48-generic #80-Ubuntu SMP Thu Mar 12 11:16:15 UTC 2015 x86_64
libc:glibc 2.19 NPTL 2.19 
rlimit: STACK 8192k, CORE 0k, NPROC 30038, NOFILE 4096, AS infinity
load average:0.17 0.28 0.21

/proc/meminfo:
MemTotal:        3854816 kB
MemFree:          261476 kB
Buffers:           43592 kB
Cached:           374556 kB
SwapCached:            0 kB
Active:          3250968 kB
Inactive:         165348 kB
Active(anon):    2998336 kB
Inactive(anon):      336 kB
Active(file):     252632 kB
Inactive(file):   165012 kB
Unevictable:           0 kB
Mlocked:               0 kB
SwapTotal:             0 kB
SwapFree:              0 kB
Dirty:               368 kB
Writeback:             0 kB
AnonPages:       2998296 kB
Mapped:            22612 kB
Shmem:               428 kB
Slab:             125184 kB
SReclaimable:     104720 kB
SUnreclaim:        20464 kB
KernelStack:        6288 kB
PageTables:        13060 kB
NFS_Unstable:          0 kB
Bounce:                0 kB
WritebackTmp:          0 kB
CommitLimit:     1927408 kB
Committed_AS:    5407884 kB
VmallocTotal:   34359738367 kB
VmallocUsed:        9920 kB
VmallocChunk:   34359721116 kB
HardwareCorrupted:     0 kB
AnonHugePages:   2457600 kB
HugePages_Total:       0
HugePages_Free:        0
HugePages_Rsvd:        0
HugePages_Surp:        0
Hugepagesize:       2048 kB
DirectMap4k:       32768 kB
DirectMap2M:     3899392 kB


CPU:total 1 (1 cores per cpu, 1 threads per core) family 6 model 62 stepping 4, cmov, cx8, fxsr, mmx, sse, sse2, sse3, ssse3, sse4.1, sse4.2, popcnt, avx, aes, clmul, erms, tsc

/proc/cpuinfo:
processor	: 0
vendor_id	: GenuineIntel
cpu family	: 6
model		: 62
model name	: Intel(R) Xeon(R) CPU E5-2670 v2 @ 2.50GHz
stepping	: 4
microcode	: 0x428
cpu MHz		: 2494.066
cache size	: 25600 KB
physical id	: 0
siblings	: 1
core id		: 0
cpu cores	: 1
apicid		: 0
initial apicid	: 0
fpu		: yes
fpu_exception	: yes
cpuid level	: 13
wp		: yes
flags		: fpu vme de pse tsc msr pae mce cx8 apic sep mtrr pge mca cmov pat pse36 clflush mmx fxsr sse sse2 ht syscall nx rdtscp lm constant_tsc rep_good nopl xtopology eagerfpu pni pclmulqdq ssse3 cx16 pcid sse4_1 sse4_2 x2apic popcnt tsc_deadline_timer aes xsave avx f16c rdrand hypervisor lahf_lm xsaveopt fsgsbase smep erms
bogomips	: 4988.13
clflush size	: 64
cache_alignment	: 64
address sizes	: 46 bits physical, 48 bits virtual
power management:



Memory: 4k page, physical 3854816k(261476k free), swap 0k(0k free)

vm_info: OpenJDK 64-Bit Server VM (25.91-b14) for linux-amd64 JRE (1.8.0_91-8u91-b14-0ubuntu4~14.04-b14), built on Apr 22 2016 12:27:31 by "buildd" with gcc 4.8.2

time: Wed Sep 21 21:13:01 2016
elapsed time: 0 seconds (0d 0h 0m 0s)

