#
# There is insufficient memory for the Java Runtime Environment to continue.
# Native memory allocation (mmap) failed to map 715849728 bytes for committing reserved memory.
# Possible reasons:
#   The system is out of physical RAM or swap space
#   In 32 bit mode, the process size limit was hit
# Possible solutions:
#   Reduce memory load on the system
#   Increase physical memory or swap space
#   Check if swap backing store is full
#   Use 64 bit Java on a 64 bit OS
#   Decrease Java heap size (-Xmx/-Xms)
#   Decrease number of Java threads
#   Decrease Java thread stack sizes (-Xss)
#   Set larger code cache with -XX:ReservedCodeCacheSize=
# This output file may be truncated or incomplete.
#
#  Out of Memory Error (os_linux.cpp:2630), pid=25516, tid=139876699391744
#
# JRE version:  (8.0_91-b14) (build )
# Java VM: OpenJDK 64-Bit Server VM (25.91-b14 mixed mode linux-amd64 compressed oops)
# Failed to write core dump. Core dumps have been disabled. To enable core dumping, try "ulimit -c unlimited" before starting Java again
#

---------------  T H R E A D  ---------------

Current thread (0x00007f378c00a000):  JavaThread "Unknown thread" [_thread_in_vm, id=25535, stack(0x00007f3794eac000,0x00007f3794fad000)]

Stack: [0x00007f3794eac000,0x00007f3794fad000],  sp=0x00007f3794fab3f0,  free space=1020k
Native frames: (J=compiled Java code, j=interpreted, Vv=VM code, C=native code)
V  [libjvm.so+0x9f573d]
V  [libjvm.so+0x4bc3da]
V  [libjvm.so+0x85b0a0]
V  [libjvm.so+0x855b9f]
V  [libjvm.so+0x9f25f4]
V  [libjvm.so+0x5a70ad]
V  [libjvm.so+0x998755]
V  [libjvm.so+0x5a7cf1]
V  [libjvm.so+0x5986e8]
V  [libjvm.so+0x9bf589]
V  [libjvm.so+0x9bf883]
V  [libjvm.so+0x5e70f5]
V  [libjvm.so+0x9a3953]
V  [libjvm.so+0x654bd2]  JNI_CreateJavaVM+0x52
C  [libjli.so+0x2f08]
C  [libjli.so+0x724d]
C  [libpthread.so.0+0x8184]  start_thread+0xc4


---------------  P R O C E S S  ---------------

Java Threads: ( => current thread )

Other Threads:

=>0x00007f378c00a000 (exited) JavaThread "Unknown thread" [_thread_in_vm, id=25535, stack(0x00007f3794eac000,0x00007f3794fad000)]

VM state:not at safepoint (not fully initialized)

VM Mutex/Monitor currently owned by a thread: None

GC Heap History (0 events):
No events

Deoptimization events (0 events):
No events

Internal exceptions (0 events):
No events

Events (0 events):
No events


Dynamic libraries:
00400000-00401000 r-xp 00000000 ca:01 142976                             /usr/lib/jvm/java-8-openjdk-amd64/jre/bin/java
00600000-00601000 r--p 00000000 ca:01 142976                             /usr/lib/jvm/java-8-openjdk-amd64/jre/bin/java
00601000-00602000 rw-p 00001000 ca:01 142976                             /usr/lib/jvm/java-8-openjdk-amd64/jre/bin/java
00f0f000-00f30000 rw-p 00000000 00:00 0                                  [heap]
c0000000-d5550000 rw-p 00000000 00:00 0 
7f377d000000-7f377d270000 rwxp 00000000 00:00 0 
7f377d270000-7f378c000000 ---p 00000000 00:00 0 
7f378c000000-7f378c030000 rw-p 00000000 00:00 0 
7f378c030000-7f3790000000 ---p 00000000 00:00 0 
7f3791438000-7f37914e3000 rw-p 00000000 00:00 0 
7f37914e3000-7f3791638000 ---p 00000000 00:00 0 
7f3791638000-7f3791643000 rw-p 00000000 00:00 0 
7f3791643000-7f37919f9000 ---p 00000000 00:00 0 
7f37919f9000-7f3791a01000 r-xp 00000000 ca:01 143065                     /usr/lib/jvm/java-8-openjdk-amd64/jre/lib/amd64/libzip.so
7f3791a01000-7f3791c00000 ---p 00008000 ca:01 143065                     /usr/lib/jvm/java-8-openjdk-amd64/jre/lib/amd64/libzip.so
7f3791c00000-7f3791c01000 r--p 00007000 ca:01 143065                     /usr/lib/jvm/java-8-openjdk-amd64/jre/lib/amd64/libzip.so
7f3791c01000-7f3791c02000 rw-p 00008000 ca:01 143065                     /usr/lib/jvm/java-8-openjdk-amd64/jre/lib/amd64/libzip.so
7f3791c02000-7f3791c0c000 r-xp 00000000 ca:01 417506                     /lib/x86_64-linux-gnu/libnss_files-2.19.so
7f3791c0c000-7f3791e0b000 ---p 0000a000 ca:01 417506                     /lib/x86_64-linux-gnu/libnss_files-2.19.so
7f3791e0b000-7f3791e0c000 r--p 00009000 ca:01 417506                     /lib/x86_64-linux-gnu/libnss_files-2.19.so
7f3791e0c000-7f3791e0d000 rw-p 0000a000 ca:01 417506                     /lib/x86_64-linux-gnu/libnss_files-2.19.so
7f3791e0d000-7f3791e18000 r-xp 00000000 ca:01 417498                     /lib/x86_64-linux-gnu/libnss_nis-2.19.so
7f3791e18000-7f3792017000 ---p 0000b000 ca:01 417498                     /lib/x86_64-linux-gnu/libnss_nis-2.19.so
7f3792017000-7f3792018000 r--p 0000a000 ca:01 417498                     /lib/x86_64-linux-gnu/libnss_nis-2.19.so
7f3792018000-7f3792019000 rw-p 0000b000 ca:01 417498                     /lib/x86_64-linux-gnu/libnss_nis-2.19.so
7f3792019000-7f3792030000 r-xp 00000000 ca:01 417494                     /lib/x86_64-linux-gnu/libnsl-2.19.so
7f3792030000-7f379222f000 ---p 00017000 ca:01 417494                     /lib/x86_64-linux-gnu/libnsl-2.19.so
7f379222f000-7f3792230000 r--p 00016000 ca:01 417494                     /lib/x86_64-linux-gnu/libnsl-2.19.so
7f3792230000-7f3792231000 rw-p 00017000 ca:01 417494                     /lib/x86_64-linux-gnu/libnsl-2.19.so
7f3792231000-7f3792233000 rw-p 00000000 00:00 0 
7f3792233000-7f379223c000 r-xp 00000000 ca:01 417493                     /lib/x86_64-linux-gnu/libnss_compat-2.19.so
7f379223c000-7f379243b000 ---p 00009000 ca:01 417493                     /lib/x86_64-linux-gnu/libnss_compat-2.19.so
7f379243b000-7f379243c000 r--p 00008000 ca:01 417493                     /lib/x86_64-linux-gnu/libnss_compat-2.19.so
7f379243c000-7f379243d000 rw-p 00009000 ca:01 417493                     /lib/x86_64-linux-gnu/libnss_compat-2.19.so
7f379243d000-7f3792469000 r-xp 00000000 ca:01 142993                     /usr/lib/jvm/java-8-openjdk-amd64/jre/lib/amd64/libjava.so
7f3792469000-7f3792669000 ---p 0002c000 ca:01 142993                     /usr/lib/jvm/java-8-openjdk-amd64/jre/lib/amd64/libjava.so
7f3792669000-7f379266a000 r--p 0002c000 ca:01 142993                     /usr/lib/jvm/java-8-openjdk-amd64/jre/lib/amd64/libjava.so
7f379266a000-7f379266c000 rw-p 0002d000 ca:01 142993                     /usr/lib/jvm/java-8-openjdk-amd64/jre/lib/amd64/libjava.so
7f379266c000-7f379267c000 r-xp 00000000 ca:01 143054                     /usr/lib/jvm/java-8-openjdk-amd64/jre/lib/amd64/libverify.so
7f379267c000-7f379287b000 ---p 00010000 ca:01 143054                     /usr/lib/jvm/java-8-openjdk-amd64/jre/lib/amd64/libverify.so
7f379287b000-7f379287d000 r--p 0000f000 ca:01 143054                     /usr/lib/jvm/java-8-openjdk-amd64/jre/lib/amd64/libverify.so
7f379287d000-7f379287e000 rw-p 00011000 ca:01 143054                     /usr/lib/jvm/java-8-openjdk-amd64/jre/lib/amd64/libverify.so
7f379287e000-7f3792885000 r-xp 00000000 ca:01 417502                     /lib/x86_64-linux-gnu/librt-2.19.so
7f3792885000-7f3792a84000 ---p 00007000 ca:01 417502                     /lib/x86_64-linux-gnu/librt-2.19.so
7f3792a84000-7f3792a85000 r--p 00006000 ca:01 417502                     /lib/x86_64-linux-gnu/librt-2.19.so
7f3792a85000-7f3792a86000 rw-p 00007000 ca:01 417502                     /lib/x86_64-linux-gnu/librt-2.19.so
7f3792a86000-7f3792a9c000 r-xp 00000000 ca:01 397478                     /lib/x86_64-linux-gnu/libgcc_s.so.1
7f3792a9c000-7f3792c9b000 ---p 00016000 ca:01 397478                     /lib/x86_64-linux-gnu/libgcc_s.so.1
7f3792c9b000-7f3792c9c000 rw-p 00015000 ca:01 397478                     /lib/x86_64-linux-gnu/libgcc_s.so.1
7f3792c9c000-7f3792da1000 r-xp 00000000 ca:01 417488                     /lib/x86_64-linux-gnu/libm-2.19.so
7f3792da1000-7f3792fa0000 ---p 00105000 ca:01 417488                     /lib/x86_64-linux-gnu/libm-2.19.so
7f3792fa0000-7f3792fa1000 r--p 00104000 ca:01 417488                     /lib/x86_64-linux-gnu/libm-2.19.so
7f3792fa1000-7f3792fa2000 rw-p 00105000 ca:01 417488                     /lib/x86_64-linux-gnu/libm-2.19.so
7f3792fa2000-7f3793088000 r-xp 00000000 ca:01 284                        /usr/lib/x86_64-linux-gnu/libstdc++.so.6.0.19
7f3793088000-7f3793287000 ---p 000e6000 ca:01 284                        /usr/lib/x86_64-linux-gnu/libstdc++.so.6.0.19
7f3793287000-7f379328f000 r--p 000e5000 ca:01 284                        /usr/lib/x86_64-linux-gnu/libstdc++.so.6.0.19
7f379328f000-7f3793291000 rw-p 000ed000 ca:01 284                        /usr/lib/x86_64-linux-gnu/libstdc++.so.6.0.19
7f3793291000-7f37932a6000 rw-p 00000000 00:00 0 
7f37932a6000-7f3793e94000 r-xp 00000000 ca:01 272775                     /usr/lib/jvm/java-8-openjdk-amd64/jre/lib/amd64/server/libjvm.so
7f3793e94000-7f3794094000 ---p 00bee000 ca:01 272775                     /usr/lib/jvm/java-8-openjdk-amd64/jre/lib/amd64/server/libjvm.so
7f3794094000-7f3794132000 r--p 00bee000 ca:01 272775                     /usr/lib/jvm/java-8-openjdk-amd64/jre/lib/amd64/server/libjvm.so
7f3794132000-7f379415b000 rw-p 00c8c000 ca:01 272775                     /usr/lib/jvm/java-8-openjdk-amd64/jre/lib/amd64/server/libjvm.so
7f379415b000-7f379418d000 rw-p 00000000 00:00 0 
7f379418d000-7f37941a6000 r-xp 00000000 ca:01 417495                     /lib/x86_64-linux-gnu/libpthread-2.19.so
7f37941a6000-7f37943a5000 ---p 00019000 ca:01 417495                     /lib/x86_64-linux-gnu/libpthread-2.19.so
7f37943a5000-7f37943a6000 r--p 00018000 ca:01 417495                     /lib/x86_64-linux-gnu/libpthread-2.19.so
7f37943a6000-7f37943a7000 rw-p 00019000 ca:01 417495                     /lib/x86_64-linux-gnu/libpthread-2.19.so
7f37943a7000-7f37943ab000 rw-p 00000000 00:00 0 
7f37943ab000-7f37943ae000 r-xp 00000000 ca:01 417490                     /lib/x86_64-linux-gnu/libdl-2.19.so
7f37943ae000-7f37945ad000 ---p 00003000 ca:01 417490                     /lib/x86_64-linux-gnu/libdl-2.19.so
7f37945ad000-7f37945ae000 r--p 00002000 ca:01 417490                     /lib/x86_64-linux-gnu/libdl-2.19.so
7f37945ae000-7f37945af000 rw-p 00003000 ca:01 417490                     /lib/x86_64-linux-gnu/libdl-2.19.so
7f37945af000-7f37945c7000 r-xp 00000000 ca:01 396113                     /lib/x86_64-linux-gnu/libz.so.1.2.8
7f37945c7000-7f37947c6000 ---p 00018000 ca:01 396113                     /lib/x86_64-linux-gnu/libz.so.1.2.8
7f37947c6000-7f37947c7000 r--p 00017000 ca:01 396113                     /lib/x86_64-linux-gnu/libz.so.1.2.8
7f37947c7000-7f37947c8000 rw-p 00018000 ca:01 396113                     /lib/x86_64-linux-gnu/libz.so.1.2.8
7f37947c8000-7f3794982000 r-xp 00000000 ca:01 417503                     /lib/x86_64-linux-gnu/libc-2.19.so
7f3794982000-7f3794b82000 ---p 001ba000 ca:01 417503                     /lib/x86_64-linux-gnu/libc-2.19.so
7f3794b82000-7f3794b86000 r--p 001ba000 ca:01 417503                     /lib/x86_64-linux-gnu/libc-2.19.so
7f3794b86000-7f3794b88000 rw-p 001be000 ca:01 417503                     /lib/x86_64-linux-gnu/libc-2.19.so
7f3794b88000-7f3794b8d000 rw-p 00000000 00:00 0 
7f3794b8d000-7f3794b9a000 r-xp 00000000 ca:01 272778                     /usr/lib/jvm/java-8-openjdk-amd64/jre/lib/amd64/jli/libjli.so
7f3794b9a000-7f3794d9a000 ---p 0000d000 ca:01 272778                     /usr/lib/jvm/java-8-openjdk-amd64/jre/lib/amd64/jli/libjli.so
7f3794d9a000-7f3794d9b000 r--p 0000d000 ca:01 272778                     /usr/lib/jvm/java-8-openjdk-amd64/jre/lib/amd64/jli/libjli.so
7f3794d9b000-7f3794d9c000 rw-p 0000e000 ca:01 272778                     /usr/lib/jvm/java-8-openjdk-amd64/jre/lib/amd64/jli/libjli.so
7f3794d9c000-7f3794dbf000 r-xp 00000000 ca:01 417496                     /lib/x86_64-linux-gnu/ld-2.19.so
7f3794ea9000-7f3794eac000 rw-p 00000000 00:00 0 
7f3794eac000-7f3794eaf000 ---p 00000000 00:00 0 
7f3794eaf000-7f3794fb2000 rw-p 00000000 00:00 0                          [stack:25535]
7f3794fb2000-7f3794fba000 rw-s 00000000 ca:01 190109                     /tmp/hsperfdata_ubuntu/25516
7f3794fba000-7f3794fbb000 rw-p 00000000 00:00 0 
7f3794fbb000-7f3794fbc000 r--p 00000000 00:00 0 
7f3794fbc000-7f3794fbe000 rw-p 00000000 00:00 0 
7f3794fbe000-7f3794fbf000 r--p 00022000 ca:01 417496                     /lib/x86_64-linux-gnu/ld-2.19.so
7f3794fbf000-7f3794fc0000 rw-p 00023000 ca:01 417496                     /lib/x86_64-linux-gnu/ld-2.19.so
7f3794fc0000-7f3794fc1000 rw-p 00000000 00:00 0 
7fff458e5000-7fff45906000 rw-p 00000000 00:00 0                          [stack]
7fff459d6000-7fff459d8000 r-xp 00000000 00:00 0                          [vdso]
ffffffffff600000-ffffffffff601000 r-xp 00000000 00:00 0                  [vsyscall]

VM Arguments:
jvm_args: -Xms1g -Xmx1g 
java_command: org.apache.spark.deploy.SparkSubmit jobs_batch.py
java_class_path (initial): /usr/local/spark/lib/aws-java-sdk-1.7.4.jar:/usr/local/spark/lib/hadoop-aws-2.7.2.jar:/usr/local/spark/conf/:/usr/local/spark/lib/spark-assembly-1.6.1-hadoop2.6.0.jar:/usr/local/spark/lib/datanucleus-rdbms-3.2.9.jar:/usr/local/spark/lib/datanucleus-api-jdo-3.2.6.jar:/usr/local/spark/lib/datanucleus-core-3.2.10.jar
Launcher Type: SUN_STANDARD

Environment Variables:
JAVA_HOME=/usr
PATH=/usr/local/sbin:/usr/local/bin:/usr/sbin:/usr/bin:/sbin:/bin:/usr/games:/usr/local/games:/usr/bin:/usr/local/hadoop/bin:/usr/local/spark/bin:/usr/local/zookeeper/bin:/usr/local/kafka/bin:/usr/local/kafka-manager/bin:/usr/local/secor/bin:/usr/local/elasticsearch/bin
SHELL=/bin/bash

Signal Handlers:
SIGSEGV: [libjvm.so+0x9f6230], sa_mask[0]=11111111011111111101111111111110, sa_flags=SA_RESTART|SA_SIGINFO
SIGBUS: [libjvm.so+0x9f6230], sa_mask[0]=11111111011111111101111111111110, sa_flags=SA_RESTART|SA_SIGINFO
SIGFPE: [libjvm.so+0x856c80], sa_mask[0]=11111111011111111101111111111110, sa_flags=SA_RESTART|SA_SIGINFO
SIGPIPE: [libjvm.so+0x856c80], sa_mask[0]=11111111011111111101111111111110, sa_flags=SA_RESTART|SA_SIGINFO
SIGXFSZ: [libjvm.so+0x856c80], sa_mask[0]=11111111011111111101111111111110, sa_flags=SA_RESTART|SA_SIGINFO
SIGILL: [libjvm.so+0x856c80], sa_mask[0]=11111111011111111101111111111110, sa_flags=SA_RESTART|SA_SIGINFO
SIGUSR1: SIG_DFL, sa_mask[0]=00000000000000000000000000000000, sa_flags=none
SIGUSR2: [libjvm.so+0x856b50], sa_mask[0]=00000000000000000000000000000000, sa_flags=SA_RESTART|SA_SIGINFO
SIGHUP: SIG_DFL, sa_mask[0]=00000000000000000000000000000000, sa_flags=none
SIGINT: SIG_DFL, sa_mask[0]=00000000000000000000000000000000, sa_flags=none
SIGTERM: SIG_DFL, sa_mask[0]=00000000000000000000000000000000, sa_flags=none
SIGQUIT: SIG_DFL, sa_mask[0]=00000000000000000000000000000000, sa_flags=none


---------------  S Y S T E M  ---------------

OS:DISTRIB_ID=Ubuntu
DISTRIB_RELEASE=14.04
DISTRIB_CODENAME=trusty
DISTRIB_DESCRIPTION="Ubuntu 14.04.5 LTS"

uname:Linux 3.13.0-48-generic #80-Ubuntu SMP Thu Mar 12 11:16:15 UTC 2015 x86_64
libc:glibc 2.19 NPTL 2.19 
rlimit: STACK 8192k, CORE 0k, NPROC 30038, NOFILE 4096, AS infinity
load average:0.05 0.22 0.20

/proc/meminfo:
MemTotal:        3854816 kB
MemFree:          260660 kB
Buffers:           43744 kB
Cached:           374572 kB
SwapCached:            0 kB
Active:          3251620 kB
Inactive:         165540 kB
Active(anon):    2998936 kB
Inactive(anon):      336 kB
Active(file):     252684 kB
Inactive(file):   165204 kB
Unevictable:           0 kB
Mlocked:               0 kB
SwapTotal:             0 kB
SwapFree:              0 kB
Dirty:               332 kB
Writeback:             0 kB
AnonPages:       2998896 kB
Mapped:            22616 kB
Shmem:               428 kB
Slab:             125212 kB
SReclaimable:     104744 kB
SUnreclaim:        20468 kB
KernelStack:        6432 kB
PageTables:        13048 kB
NFS_Unstable:          0 kB
Bounce:                0 kB
WritebackTmp:          0 kB
CommitLimit:     1927408 kB
Committed_AS:    5408668 kB
VmallocTotal:   34359738367 kB
VmallocUsed:        9920 kB
VmallocChunk:   34359721116 kB
HardwareCorrupted:     0 kB
AnonHugePages:   2463744 kB
HugePages_Total:       0
HugePages_Free:        0
HugePages_Rsvd:        0
HugePages_Surp:        0
Hugepagesize:       2048 kB
DirectMap4k:       32768 kB
DirectMap2M:     3899392 kB


CPU:total 1 (1 cores per cpu, 1 threads per core) family 6 model 62 stepping 4, cmov, cx8, fxsr, mmx, sse, sse2, sse3, ssse3, sse4.1, sse4.2, popcnt, avx, aes, clmul, erms, tsc

/proc/cpuinfo:
processor	: 0
vendor_id	: GenuineIntel
cpu family	: 6
model		: 62
model name	: Intel(R) Xeon(R) CPU E5-2670 v2 @ 2.50GHz
stepping	: 4
microcode	: 0x428
cpu MHz		: 2494.066
cache size	: 25600 KB
physical id	: 0
siblings	: 1
core id		: 0
cpu cores	: 1
apicid		: 0
initial apicid	: 0
fpu		: yes
fpu_exception	: yes
cpuid level	: 13
wp		: yes
flags		: fpu vme de pse tsc msr pae mce cx8 apic sep mtrr pge mca cmov pat pse36 clflush mmx fxsr sse sse2 ht syscall nx rdtscp lm constant_tsc rep_good nopl xtopology eagerfpu pni pclmulqdq ssse3 cx16 pcid sse4_1 sse4_2 x2apic popcnt tsc_deadline_timer aes xsave avx f16c rdrand hypervisor lahf_lm xsaveopt fsgsbase smep erms
bogomips	: 4988.13
clflush size	: 64
cache_alignment	: 64
address sizes	: 46 bits physical, 48 bits virtual
power management:



Memory: 4k page, physical 3854816k(260660k free), swap 0k(0k free)

vm_info: OpenJDK 64-Bit Server VM (25.91-b14) for linux-amd64 JRE (1.8.0_91-8u91-b14-0ubuntu4~14.04-b14), built on Apr 22 2016 12:27:31 by "buildd" with gcc 4.8.2

time: Wed Sep 21 21:14:10 2016
elapsed time: 0 seconds (0d 0h 0m 0s)

