#
# There is insufficient memory for the Java Runtime Environment to continue.
# Native memory allocation (mmap) failed to map 715849728 bytes for committing reserved memory.
# Possible reasons:
#   The system is out of physical RAM or swap space
#   In 32 bit mode, the process size limit was hit
# Possible solutions:
#   Reduce memory load on the system
#   Increase physical memory or swap space
#   Check if swap backing store is full
#   Use 64 bit Java on a 64 bit OS
#   Decrease Java heap size (-Xmx/-Xms)
#   Decrease number of Java threads
#   Decrease Java thread stack sizes (-Xss)
#   Set larger code cache with -XX:ReservedCodeCacheSize=
# This output file may be truncated or incomplete.
#
#  Out of Memory Error (os_linux.cpp:2630), pid=25536, tid=140129064093440
#
# JRE version:  (8.0_91-b14) (build )
# Java VM: OpenJDK 64-Bit Server VM (25.91-b14 mixed mode linux-amd64 compressed oops)
# Failed to write core dump. Core dumps have been disabled. To enable core dumping, try "ulimit -c unlimited" before starting Java again
#

---------------  T H R E A D  ---------------

Current thread (0x00007f725000a000):  JavaThread "Unknown thread" [_thread_in_vm, id=25555, stack(0x00007f7257068000,0x00007f7257169000)]

Stack: [0x00007f7257068000,0x00007f7257169000],  sp=0x00007f72571673f0,  free space=1020k
Native frames: (J=compiled Java code, j=interpreted, Vv=VM code, C=native code)
V  [libjvm.so+0x9f573d]
V  [libjvm.so+0x4bc3da]
V  [libjvm.so+0x85b0a0]
V  [libjvm.so+0x855b9f]
V  [libjvm.so+0x9f25f4]
V  [libjvm.so+0x5a70ad]
V  [libjvm.so+0x998755]
V  [libjvm.so+0x5a7cf1]
V  [libjvm.so+0x5986e8]
V  [libjvm.so+0x9bf589]
V  [libjvm.so+0x9bf883]
V  [libjvm.so+0x5e70f5]
V  [libjvm.so+0x9a3953]
V  [libjvm.so+0x654bd2]  JNI_CreateJavaVM+0x52
C  [libjli.so+0x2f08]
C  [libjli.so+0x724d]
C  [libpthread.so.0+0x8184]  start_thread+0xc4


---------------  P R O C E S S  ---------------

Java Threads: ( => current thread )

Other Threads:

=>0x00007f725000a000 (exited) JavaThread "Unknown thread" [_thread_in_vm, id=25555, stack(0x00007f7257068000,0x00007f7257169000)]

VM state:not at safepoint (not fully initialized)

VM Mutex/Monitor currently owned by a thread: None

GC Heap History (0 events):
No events

Deoptimization events (0 events):
No events

Internal exceptions (0 events):
No events

Events (0 events):
No events


Dynamic libraries:
00400000-00401000 r-xp 00000000 ca:01 142976                             /usr/lib/jvm/java-8-openjdk-amd64/jre/bin/java
00600000-00601000 r--p 00000000 ca:01 142976                             /usr/lib/jvm/java-8-openjdk-amd64/jre/bin/java
00601000-00602000 rw-p 00001000 ca:01 142976                             /usr/lib/jvm/java-8-openjdk-amd64/jre/bin/java
0161d000-0163e000 rw-p 00000000 00:00 0                                  [heap]
c0000000-d5550000 rw-p 00000000 00:00 0 
7f724041f000-7f72404ca000 rw-p 00000000 00:00 0 
7f72404ca000-7f724061f000 ---p 00000000 00:00 0 
7f724061f000-7f724062a000 rw-p 00000000 00:00 0 
7f724062a000-7f72409e0000 ---p 00000000 00:00 0 
7f72409e0000-7f7240c50000 rwxp 00000000 00:00 0 
7f7240c50000-7f724f9e0000 ---p 00000000 00:00 0 
7f724f9e0000-7f724f9e8000 r-xp 00000000 ca:01 143065                     /usr/lib/jvm/java-8-openjdk-amd64/jre/lib/amd64/libzip.so
7f724f9e8000-7f724fbe7000 ---p 00008000 ca:01 143065                     /usr/lib/jvm/java-8-openjdk-amd64/jre/lib/amd64/libzip.so
7f724fbe7000-7f724fbe8000 r--p 00007000 ca:01 143065                     /usr/lib/jvm/java-8-openjdk-amd64/jre/lib/amd64/libzip.so
7f724fbe8000-7f724fbe9000 rw-p 00008000 ca:01 143065                     /usr/lib/jvm/java-8-openjdk-amd64/jre/lib/amd64/libzip.so
7f724fbe9000-7f724fbf3000 r-xp 00000000 ca:01 417506                     /lib/x86_64-linux-gnu/libnss_files-2.19.so
7f724fbf3000-7f724fdf2000 ---p 0000a000 ca:01 417506                     /lib/x86_64-linux-gnu/libnss_files-2.19.so
7f724fdf2000-7f724fdf3000 r--p 00009000 ca:01 417506                     /lib/x86_64-linux-gnu/libnss_files-2.19.so
7f724fdf3000-7f724fdf4000 rw-p 0000a000 ca:01 417506                     /lib/x86_64-linux-gnu/libnss_files-2.19.so
7f724fdf4000-7f724fdff000 r-xp 00000000 ca:01 417498                     /lib/x86_64-linux-gnu/libnss_nis-2.19.so
7f724fdff000-7f724fffe000 ---p 0000b000 ca:01 417498                     /lib/x86_64-linux-gnu/libnss_nis-2.19.so
7f724fffe000-7f724ffff000 r--p 0000a000 ca:01 417498                     /lib/x86_64-linux-gnu/libnss_nis-2.19.so
7f724ffff000-7f7250000000 rw-p 0000b000 ca:01 417498                     /lib/x86_64-linux-gnu/libnss_nis-2.19.so
7f7250000000-7f7250030000 rw-p 00000000 00:00 0 
7f7250030000-7f7254000000 ---p 00000000 00:00 0 
7f72541d5000-7f72541ec000 r-xp 00000000 ca:01 417494                     /lib/x86_64-linux-gnu/libnsl-2.19.so
7f72541ec000-7f72543eb000 ---p 00017000 ca:01 417494                     /lib/x86_64-linux-gnu/libnsl-2.19.so
7f72543eb000-7f72543ec000 r--p 00016000 ca:01 417494                     /lib/x86_64-linux-gnu/libnsl-2.19.so
7f72543ec000-7f72543ed000 rw-p 00017000 ca:01 417494                     /lib/x86_64-linux-gnu/libnsl-2.19.so
7f72543ed000-7f72543ef000 rw-p 00000000 00:00 0 
7f72543ef000-7f72543f8000 r-xp 00000000 ca:01 417493                     /lib/x86_64-linux-gnu/libnss_compat-2.19.so
7f72543f8000-7f72545f7000 ---p 00009000 ca:01 417493                     /lib/x86_64-linux-gnu/libnss_compat-2.19.so
7f72545f7000-7f72545f8000 r--p 00008000 ca:01 417493                     /lib/x86_64-linux-gnu/libnss_compat-2.19.so
7f72545f8000-7f72545f9000 rw-p 00009000 ca:01 417493                     /lib/x86_64-linux-gnu/libnss_compat-2.19.so
7f72545f9000-7f7254625000 r-xp 00000000 ca:01 142993                     /usr/lib/jvm/java-8-openjdk-amd64/jre/lib/amd64/libjava.so
7f7254625000-7f7254825000 ---p 0002c000 ca:01 142993                     /usr/lib/jvm/java-8-openjdk-amd64/jre/lib/amd64/libjava.so
7f7254825000-7f7254826000 r--p 0002c000 ca:01 142993                     /usr/lib/jvm/java-8-openjdk-amd64/jre/lib/amd64/libjava.so
7f7254826000-7f7254828000 rw-p 0002d000 ca:01 142993                     /usr/lib/jvm/java-8-openjdk-amd64/jre/lib/amd64/libjava.so
7f7254828000-7f7254838000 r-xp 00000000 ca:01 143054                     /usr/lib/jvm/java-8-openjdk-amd64/jre/lib/amd64/libverify.so
7f7254838000-7f7254a37000 ---p 00010000 ca:01 143054                     /usr/lib/jvm/java-8-openjdk-amd64/jre/lib/amd64/libverify.so
7f7254a37000-7f7254a39000 r--p 0000f000 ca:01 143054                     /usr/lib/jvm/java-8-openjdk-amd64/jre/lib/amd64/libverify.so
7f7254a39000-7f7254a3a000 rw-p 00011000 ca:01 143054                     /usr/lib/jvm/java-8-openjdk-amd64/jre/lib/amd64/libverify.so
7f7254a3a000-7f7254a41000 r-xp 00000000 ca:01 417502                     /lib/x86_64-linux-gnu/librt-2.19.so
7f7254a41000-7f7254c40000 ---p 00007000 ca:01 417502                     /lib/x86_64-linux-gnu/librt-2.19.so
7f7254c40000-7f7254c41000 r--p 00006000 ca:01 417502                     /lib/x86_64-linux-gnu/librt-2.19.so
7f7254c41000-7f7254c42000 rw-p 00007000 ca:01 417502                     /lib/x86_64-linux-gnu/librt-2.19.so
7f7254c42000-7f7254c58000 r-xp 00000000 ca:01 397478                     /lib/x86_64-linux-gnu/libgcc_s.so.1
7f7254c58000-7f7254e57000 ---p 00016000 ca:01 397478                     /lib/x86_64-linux-gnu/libgcc_s.so.1
7f7254e57000-7f7254e58000 rw-p 00015000 ca:01 397478                     /lib/x86_64-linux-gnu/libgcc_s.so.1
7f7254e58000-7f7254f5d000 r-xp 00000000 ca:01 417488                     /lib/x86_64-linux-gnu/libm-2.19.so
7f7254f5d000-7f725515c000 ---p 00105000 ca:01 417488                     /lib/x86_64-linux-gnu/libm-2.19.so
7f725515c000-7f725515d000 r--p 00104000 ca:01 417488                     /lib/x86_64-linux-gnu/libm-2.19.so
7f725515d000-7f725515e000 rw-p 00105000 ca:01 417488                     /lib/x86_64-linux-gnu/libm-2.19.so
7f725515e000-7f7255244000 r-xp 00000000 ca:01 284                        /usr/lib/x86_64-linux-gnu/libstdc++.so.6.0.19
7f7255244000-7f7255443000 ---p 000e6000 ca:01 284                        /usr/lib/x86_64-linux-gnu/libstdc++.so.6.0.19
7f7255443000-7f725544b000 r--p 000e5000 ca:01 284                        /usr/lib/x86_64-linux-gnu/libstdc++.so.6.0.19
7f725544b000-7f725544d000 rw-p 000ed000 ca:01 284                        /usr/lib/x86_64-linux-gnu/libstdc++.so.6.0.19
7f725544d000-7f7255462000 rw-p 00000000 00:00 0 
7f7255462000-7f7256050000 r-xp 00000000 ca:01 272775                     /usr/lib/jvm/java-8-openjdk-amd64/jre/lib/amd64/server/libjvm.so
7f7256050000-7f7256250000 ---p 00bee000 ca:01 272775                     /usr/lib/jvm/java-8-openjdk-amd64/jre/lib/amd64/server/libjvm.so
7f7256250000-7f72562ee000 r--p 00bee000 ca:01 272775                     /usr/lib/jvm/java-8-openjdk-amd64/jre/lib/amd64/server/libjvm.so
7f72562ee000-7f7256317000 rw-p 00c8c000 ca:01 272775                     /usr/lib/jvm/java-8-openjdk-amd64/jre/lib/amd64/server/libjvm.so
7f7256317000-7f7256349000 rw-p 00000000 00:00 0 
7f7256349000-7f7256362000 r-xp 00000000 ca:01 417495                     /lib/x86_64-linux-gnu/libpthread-2.19.so
7f7256362000-7f7256561000 ---p 00019000 ca:01 417495                     /lib/x86_64-linux-gnu/libpthread-2.19.so
7f7256561000-7f7256562000 r--p 00018000 ca:01 417495                     /lib/x86_64-linux-gnu/libpthread-2.19.so
7f7256562000-7f7256563000 rw-p 00019000 ca:01 417495                     /lib/x86_64-linux-gnu/libpthread-2.19.so
7f7256563000-7f7256567000 rw-p 00000000 00:00 0 
7f7256567000-7f725656a000 r-xp 00000000 ca:01 417490                     /lib/x86_64-linux-gnu/libdl-2.19.so
7f725656a000-7f7256769000 ---p 00003000 ca:01 417490                     /lib/x86_64-linux-gnu/libdl-2.19.so
7f7256769000-7f725676a000 r--p 00002000 ca:01 417490                     /lib/x86_64-linux-gnu/libdl-2.19.so
7f725676a000-7f725676b000 rw-p 00003000 ca:01 417490                     /lib/x86_64-linux-gnu/libdl-2.19.so
7f725676b000-7f7256783000 r-xp 00000000 ca:01 396113                     /lib/x86_64-linux-gnu/libz.so.1.2.8
7f7256783000-7f7256982000 ---p 00018000 ca:01 396113                     /lib/x86_64-linux-gnu/libz.so.1.2.8
7f7256982000-7f7256983000 r--p 00017000 ca:01 396113                     /lib/x86_64-linux-gnu/libz.so.1.2.8
7f7256983000-7f7256984000 rw-p 00018000 ca:01 396113                     /lib/x86_64-linux-gnu/libz.so.1.2.8
7f7256984000-7f7256b3e000 r-xp 00000000 ca:01 417503                     /lib/x86_64-linux-gnu/libc-2.19.so
7f7256b3e000-7f7256d3e000 ---p 001ba000 ca:01 417503                     /lib/x86_64-linux-gnu/libc-2.19.so
7f7256d3e000-7f7256d42000 r--p 001ba000 ca:01 417503                     /lib/x86_64-linux-gnu/libc-2.19.so
7f7256d42000-7f7256d44000 rw-p 001be000 ca:01 417503                     /lib/x86_64-linux-gnu/libc-2.19.so
7f7256d44000-7f7256d49000 rw-p 00000000 00:00 0 
7f7256d49000-7f7256d56000 r-xp 00000000 ca:01 272778                     /usr/lib/jvm/java-8-openjdk-amd64/jre/lib/amd64/jli/libjli.so
7f7256d56000-7f7256f56000 ---p 0000d000 ca:01 272778                     /usr/lib/jvm/java-8-openjdk-amd64/jre/lib/amd64/jli/libjli.so
7f7256f56000-7f7256f57000 r--p 0000d000 ca:01 272778                     /usr/lib/jvm/java-8-openjdk-amd64/jre/lib/amd64/jli/libjli.so
7f7256f57000-7f7256f58000 rw-p 0000e000 ca:01 272778                     /usr/lib/jvm/java-8-openjdk-amd64/jre/lib/amd64/jli/libjli.so
7f7256f58000-7f7256f7b000 r-xp 00000000 ca:01 417496                     /lib/x86_64-linux-gnu/ld-2.19.so
7f7257065000-7f7257068000 rw-p 00000000 00:00 0 
7f7257068000-7f725706b000 ---p 00000000 00:00 0 
7f725706b000-7f725716e000 rw-p 00000000 00:00 0                          [stack:25555]
7f725716e000-7f7257176000 rw-s 00000000 ca:01 230000                     /tmp/hsperfdata_ubuntu/25536
7f7257176000-7f7257177000 rw-p 00000000 00:00 0 
7f7257177000-7f7257178000 r--p 00000000 00:00 0 
7f7257178000-7f725717a000 rw-p 00000000 00:00 0 
7f725717a000-7f725717b000 r--p 00022000 ca:01 417496                     /lib/x86_64-linux-gnu/ld-2.19.so
7f725717b000-7f725717c000 rw-p 00023000 ca:01 417496                     /lib/x86_64-linux-gnu/ld-2.19.so
7f725717c000-7f725717d000 rw-p 00000000 00:00 0 
7fff0c241000-7fff0c262000 rw-p 00000000 00:00 0                          [stack]
7fff0c2cf000-7fff0c2d1000 r-xp 00000000 00:00 0                          [vdso]
ffffffffff600000-ffffffffff601000 r-xp 00000000 00:00 0                  [vsyscall]

VM Arguments:
jvm_args: -Xms1g -Xmx1g 
java_command: org.apache.spark.deploy.SparkSubmit jobs_batch.py
java_class_path (initial): /usr/local/spark/lib/aws-java-sdk-1.7.4.jar:/usr/local/spark/lib/hadoop-aws-2.7.2.jar:/usr/local/spark/conf/:/usr/local/spark/lib/spark-assembly-1.6.1-hadoop2.6.0.jar:/usr/local/spark/lib/datanucleus-rdbms-3.2.9.jar:/usr/local/spark/lib/datanucleus-api-jdo-3.2.6.jar:/usr/local/spark/lib/datanucleus-core-3.2.10.jar
Launcher Type: SUN_STANDARD

Environment Variables:
JAVA_HOME=/usr
PATH=/usr/local/sbin:/usr/local/bin:/usr/sbin:/usr/bin:/sbin:/bin:/usr/games:/usr/local/games:/usr/bin:/usr/local/hadoop/bin:/usr/local/spark/bin:/usr/local/zookeeper/bin:/usr/local/kafka/bin:/usr/local/kafka-manager/bin:/usr/local/secor/bin:/usr/local/elasticsearch/bin
SHELL=/bin/bash

Signal Handlers:
SIGSEGV: [libjvm.so+0x9f6230], sa_mask[0]=11111111011111111101111111111110, sa_flags=SA_RESTART|SA_SIGINFO
SIGBUS: [libjvm.so+0x9f6230], sa_mask[0]=11111111011111111101111111111110, sa_flags=SA_RESTART|SA_SIGINFO
SIGFPE: [libjvm.so+0x856c80], sa_mask[0]=11111111011111111101111111111110, sa_flags=SA_RESTART|SA_SIGINFO
SIGPIPE: [libjvm.so+0x856c80], sa_mask[0]=11111111011111111101111111111110, sa_flags=SA_RESTART|SA_SIGINFO
SIGXFSZ: [libjvm.so+0x856c80], sa_mask[0]=11111111011111111101111111111110, sa_flags=SA_RESTART|SA_SIGINFO
SIGILL: [libjvm.so+0x856c80], sa_mask[0]=11111111011111111101111111111110, sa_flags=SA_RESTART|SA_SIGINFO
SIGUSR1: SIG_DFL, sa_mask[0]=00000000000000000000000000000000, sa_flags=none
SIGUSR2: [libjvm.so+0x856b50], sa_mask[0]=00000000000000000000000000000000, sa_flags=SA_RESTART|SA_SIGINFO
SIGHUP: SIG_DFL, sa_mask[0]=00000000000000000000000000000000, sa_flags=none
SIGINT: SIG_DFL, sa_mask[0]=00000000000000000000000000000000, sa_flags=none
SIGTERM: SIG_DFL, sa_mask[0]=00000000000000000000000000000000, sa_flags=none
SIGQUIT: SIG_DFL, sa_mask[0]=00000000000000000000000000000000, sa_flags=none


---------------  S Y S T E M  ---------------

OS:DISTRIB_ID=Ubuntu
DISTRIB_RELEASE=14.04
DISTRIB_CODENAME=trusty
DISTRIB_DESCRIPTION="Ubuntu 14.04.5 LTS"

uname:Linux 3.13.0-48-generic #80-Ubuntu SMP Thu Mar 12 11:16:15 UTC 2015 x86_64
libc:glibc 2.19 NPTL 2.19 
rlimit: STACK 8192k, CORE 0k, NPROC 30038, NOFILE 4096, AS infinity
load average:0.05 0.21 0.19

/proc/meminfo:
MemTotal:        3854816 kB
MemFree:          262600 kB
Buffers:           43772 kB
Cached:           374632 kB
SwapCached:            0 kB
Active:          3249640 kB
Inactive:         165524 kB
Active(anon):    2996928 kB
Inactive(anon):      336 kB
Active(file):     252712 kB
Inactive(file):   165188 kB
Unevictable:           0 kB
Mlocked:               0 kB
SwapTotal:             0 kB
SwapFree:              0 kB
Dirty:               356 kB
Writeback:             0 kB
AnonPages:       2996888 kB
Mapped:            22612 kB
Shmem:               428 kB
Slab:             125208 kB
SReclaimable:     104744 kB
SUnreclaim:        20464 kB
KernelStack:        6320 kB
PageTables:        13060 kB
NFS_Unstable:          0 kB
Bounce:                0 kB
WritebackTmp:          0 kB
CommitLimit:     1927408 kB
Committed_AS:    5408708 kB
VmallocTotal:   34359738367 kB
VmallocUsed:        9920 kB
VmallocChunk:   34359721116 kB
HardwareCorrupted:     0 kB
AnonHugePages:   2457600 kB
HugePages_Total:       0
HugePages_Free:        0
HugePages_Rsvd:        0
HugePages_Surp:        0
Hugepagesize:       2048 kB
DirectMap4k:       32768 kB
DirectMap2M:     3899392 kB


CPU:total 1 (1 cores per cpu, 1 threads per core) family 6 model 62 stepping 4, cmov, cx8, fxsr, mmx, sse, sse2, sse3, ssse3, sse4.1, sse4.2, popcnt, avx, aes, clmul, erms, tsc

/proc/cpuinfo:
processor	: 0
vendor_id	: GenuineIntel
cpu family	: 6
model		: 62
model name	: Intel(R) Xeon(R) CPU E5-2670 v2 @ 2.50GHz
stepping	: 4
microcode	: 0x428
cpu MHz		: 2494.066
cache size	: 25600 KB
physical id	: 0
siblings	: 1
core id		: 0
cpu cores	: 1
apicid		: 0
initial apicid	: 0
fpu		: yes
fpu_exception	: yes
cpuid level	: 13
wp		: yes
flags		: fpu vme de pse tsc msr pae mce cx8 apic sep mtrr pge mca cmov pat pse36 clflush mmx fxsr sse sse2 ht syscall nx rdtscp lm constant_tsc rep_good nopl xtopology eagerfpu pni pclmulqdq ssse3 cx16 pcid sse4_1 sse4_2 x2apic popcnt tsc_deadline_timer aes xsave avx f16c rdrand hypervisor lahf_lm xsaveopt fsgsbase smep erms
bogomips	: 4988.13
clflush size	: 64
cache_alignment	: 64
address sizes	: 46 bits physical, 48 bits virtual
power management:



Memory: 4k page, physical 3854816k(262600k free), swap 0k(0k free)

vm_info: OpenJDK 64-Bit Server VM (25.91-b14) for linux-amd64 JRE (1.8.0_91-8u91-b14-0ubuntu4~14.04-b14), built on Apr 22 2016 12:27:31 by "buildd" with gcc 4.8.2

time: Wed Sep 21 21:14:21 2016
elapsed time: 0 seconds (0d 0h 0m 0s)

